<?xml version="1.0" encoding="UTF-8"?>
<!-- Generated by org.testng.reporters.JUnitReportReporter -->
<testsuite hostname="DESKTOP-R3IULL6" failures="0" tests="1" name="PlayAround.HollywoodBet.testing.AppTest" time="199.660" errors="0" timestamp="2020-10-21T22:54:14 CAT" skipped="0">
  <testcase classname="PlayAround.HollywoodBet.testing.AppTest" name="testTrial" time="199.660"/>
  <system-out/>
</testsuite> <!-- PlayAround.HollywoodBet.testing.AppTest -->
