<?xml version="1.0" encoding="UTF-8"?>
<!-- Generated by org.testng.reporters.JUnitReportReporter -->
<testsuite hostname="DESKTOP-R3IULL6" failures="0" tests="1" name="PlayAround.HollywoodBet.testing.AppTest" time="99.895" errors="0" timestamp="2020-10-20T22:20:38 CAT" skipped="0">
  <testcase classname="PlayAround.HollywoodBet.testing.AppTest" name="testTrial" time="99.895"/>
  <system-out/>
</testsuite> <!-- PlayAround.HollywoodBet.testing.AppTest -->
