<?xml version="1.0" encoding="UTF-8"?>
<!-- Generated by org.testng.reporters.JUnitReportReporter -->
<testsuite hostname="DESKTOP-R3IULL6" failures="0" tests="1" name="PlayAround.HollywoodBet.App" time="0.018" errors="0" timestamp="2020-10-11T00:40:28 CAT" skipped="0">
  <testcase classname="PlayAround.HollywoodBet.App" name="test" time="0.018"/>
  <system-out/>
</testsuite> <!-- PlayAround.HollywoodBet.App -->
