<?xml version="1.0" encoding="UTF-8"?>
<!-- Generated by org.testng.reporters.JUnitReportReporter -->
<testsuite hostname="DESKTOP-R3IULL6" failures="0" tests="1" name="PlayAround.HollywoodBet.testing.AppTest" time="0.003" errors="0" timestamp="11 Oct 2020 18:54:10 GMT">
  <testcase classname="PlayAround.HollywoodBet.testing.AppTest" name="test" time="0.003"/>
</testsuite> <!-- PlayAround.HollywoodBet.testing.AppTest -->
