<?xml version="1.0" encoding="UTF-8"?>
<!-- Generated by org.testng.reporters.JUnitReportReporter -->
<testsuite hostname="DESKTOP-R3IULL6" failures="0" tests="1" name="PlayAround.HollywoodBet.testing.AppTest" time="16.766" errors="0" timestamp="17 Oct 2020 19:20:27 GMT">
  <testcase classname="PlayAround.HollywoodBet.testing.AppTest" name="testTrial" time="16.766"/>
</testsuite> <!-- PlayAround.HollywoodBet.testing.AppTest -->
