<?xml version="1.0" encoding="UTF-8"?>
<!-- Generated by org.testng.reporters.JUnitReportReporter -->
<testsuite hostname="DESKTOP-R3IULL6" failures="0" tests="1" name="PlayAround.HollywoodBet.testing.AppTest" time="0.014" errors="0" timestamp="11 Oct 2020 20:57:57 GMT">
  <testcase classname="PlayAround.HollywoodBet.testing.AppTest" name="testTrial" time="0.014"/>
</testsuite> <!-- PlayAround.HollywoodBet.testing.AppTest -->
