<?xml version="1.0" encoding="UTF-8"?>
<!-- Generated by org.testng.reporters.JUnitReportReporter -->
<testsuite hostname="DESKTOP-R3IULL6" failures="0" tests="1" name="PlayAround.HollywoodBet.testing.AppTest" time="2.549" errors="0" timestamp="12 Oct 2020 21:34:33 GMT">
  <testcase classname="PlayAround.HollywoodBet.testing.AppTest" name="testTrial" time="2.549"/>
</testsuite> <!-- PlayAround.HollywoodBet.testing.AppTest -->
